-------------------------------------------------------------------------------
Test set: ArchiverIntegrationTest
-------------------------------------------------------------------------------
Tests run: 6, Failures: 3, Errors: 3, Skipped: 0, Time elapsed: 0.285 s <<< FAILURE! -- in ArchiverIntegrationTest
ArchiverIntegrationTest.testErrorRecoveryWorkflow -- Time elapsed: 0.056 s <<< ERROR!
java.lang.IllegalArgumentException: len < 0
	at java.base/java.io.InputStream.readNBytes(InputStream.java:396)
	at Utilities.SerializableFile.fromByteArray(SerializableFile.java:146)
	at Utilities.SerializableFile.fromByteArray(SerializableFile.java:171)
	at Utilities.ArchiverAPI$8.<init>(ArchiverAPI.java:588)
	at Utilities.ArchiverAPI.listArchiveContents(ArchiverAPI.java:587)
	at ArchiverIntegrationTest.testErrorRecoveryWorkflow(ArchiverIntegrationTest.java:281)
	at java.base/java.lang.reflect.Method.invoke(Method.java:569)
	at java.base/java.util.ArrayList.forEach(ArrayList.java:1511)
	at java.base/java.util.ArrayList.forEach(ArrayList.java:1511)

ArchiverIntegrationTest.testCrossPlatformCompatibility -- Time elapsed: 0.030 s <<< ERROR!
java.lang.IllegalArgumentException: len < 0
	at java.base/java.io.InputStream.readNBytes(InputStream.java:396)
	at Utilities.SerializableFile.fromByteArray(SerializableFile.java:146)
	at Utilities.SerializableFile.fromByteArray(SerializableFile.java:171)
	at Utilities.ArchiverAPI$8.<init>(ArchiverAPI.java:588)
	at Utilities.ArchiverAPI.listArchiveContents(ArchiverAPI.java:587)
	at ArchiverIntegrationTest.testCrossPlatformCompatibility(ArchiverIntegrationTest.java:301)
	at java.base/java.lang.reflect.Method.invoke(Method.java:569)
	at java.base/java.util.ArrayList.forEach(ArrayList.java:1511)
	at java.base/java.util.ArrayList.forEach(ArrayList.java:1511)

ArchiverIntegrationTest.testMultipleArchivesWorkflow -- Time elapsed: 0.036 s <<< FAILURE!
java.lang.AssertionError: 

Expecting path:
  /tmp/junit9519079148121102500/extract2/source2
to exist (symbolic links were followed).
	at ArchiverIntegrationTest.testMultipleArchivesWorkflow(ArchiverIntegrationTest.java:257)
	at java.base/java.lang.reflect.Method.invoke(Method.java:569)
	at java.base/java.util.ArrayList.forEach(ArrayList.java:1511)
	at java.base/java.util.ArrayList.forEach(ArrayList.java:1511)

ArchiverIntegrationTest.testLargeFileWorkflow -- Time elapsed: 0.115 s <<< FAILURE!
org.opentest4j.AssertionFailedError: 

Expecting value to be true but was false
	at java.base/jdk.internal.reflect.NativeConstructorAccessorImpl.newInstance0(Native Method)
	at java.base/jdk.internal.reflect.NativeConstructorAccessorImpl.newInstance(NativeConstructorAccessorImpl.java:77)
	at java.base/jdk.internal.reflect.DelegatingConstructorAccessorImpl.newInstance(DelegatingConstructorAccessorImpl.java:45)
	at java.base/java.lang.reflect.Constructor.newInstanceWithCaller(Constructor.java:500)
	at ArchiverIntegrationTest.testLargeFileWorkflow(ArchiverIntegrationTest.java:204)
	at java.base/java.lang.reflect.Method.invoke(Method.java:569)
	at java.base/java.util.ArrayList.forEach(ArrayList.java:1511)
	at java.base/java.util.ArrayList.forEach(ArrayList.java:1511)

ArchiverIntegrationTest.testCompleteWorkflowWithComplexStructure -- Time elapsed: 0.036 s <<< ERROR!
java.lang.IllegalArgumentException: len < 0
	at java.base/java.io.InputStream.readNBytes(InputStream.java:396)
	at Utilities.SerializableFile.fromByteArray(SerializableFile.java:146)
	at Utilities.SerializableFile.fromByteArray(SerializableFile.java:171)
	at Utilities.ArchiverAPI$8.<init>(ArchiverAPI.java:588)
	at Utilities.ArchiverAPI.listArchiveContents(ArchiverAPI.java:587)
	at ArchiverIntegrationTest.testCompleteWorkflowWithComplexStructure(ArchiverIntegrationTest.java:113)
	at java.base/java.lang.reflect.Method.invoke(Method.java:569)
	at java.base/java.util.ArrayList.forEach(ArrayList.java:1511)
	at java.base/java.util.ArrayList.forEach(ArrayList.java:1511)

ArchiverIntegrationTest.testPasswordProtectedWorkflow -- Time elapsed: 0.005 s <<< FAILURE!
org.opentest4j.AssertionFailedError: 

Expecting value to be true but was false
	at java.base/jdk.internal.reflect.NativeConstructorAccessorImpl.newInstance0(Native Method)
	at java.base/jdk.internal.reflect.NativeConstructorAccessorImpl.newInstance(NativeConstructorAccessorImpl.java:77)
	at java.base/jdk.internal.reflect.DelegatingConstructorAccessorImpl.newInstance(DelegatingConstructorAccessorImpl.java:45)
	at java.base/java.lang.reflect.Constructor.newInstanceWithCaller(Constructor.java:500)
	at ArchiverIntegrationTest.testPasswordProtectedWorkflow(ArchiverIntegrationTest.java:156)
	at java.base/java.lang.reflect.Method.invoke(Method.java:569)
	at java.base/java.util.ArrayList.forEach(ArrayList.java:1511)
	at java.base/java.util.ArrayList.forEach(ArrayList.java:1511)

