<?xml version="1.0" encoding="UTF-8"?>
<testsuite xmlns:xsi="http://www.w3.org/2001/XMLSchema-instance" xsi:noNamespaceSchemaLocation="https://maven.apache.org/surefire/maven-surefire-plugin/xsd/surefire-test-report-3.0.xsd" version="3.0" name="ArchiverAPITest" time="0.335" tests="21" errors="0" skipped="0" failures="0">
  <properties>
[...]
</properties>
  <testcase name="testCreateArchiveWithProgressCallback" classname="ArchiverAPITest" time="0.016"/>
  <testcase name="testCreateArchiveWithoutPassword" classname="ArchiverAPITest" time="0.014"/>
  <testcase name="testCreateArchiveWithExistingFile" classname="ArchiverAPITest" time="0.002"/>
  <testcase name="testExtractArchiveWithProgressCallback" classname="ArchiverAPITest" time="0.016"/>
  <testcase name="testAutoAddArchivitExtension" classname="ArchiverAPITest" time="0.016"/>
  <testcase name="testCreateArchiveWithEmptyDirectory" classname="ArchiverAPITest" time="0.007"/>
  <testcase name="testExtractArchiveWithPassword" classname="ArchiverAPITest" time="0.045"/>
  <testcase name="testCreateArchiveWithNullSourcePath" classname="ArchiverAPITest" time="0.002"/>
  <testcase name="testCreateArchiveWithEmptyArchivePath" classname="ArchiverAPITest" time="0.001"/>
  <testcase name="testFormatSize" classname="ArchiverAPITest" time="0.017"/>
  <testcase name="testCreateArchiveWithPassword" classname="ArchiverAPITest" time="0.026"/>
  <testcase name="testExtractArchiveWithWrongPassword" classname="ArchiverAPITest" time="0.039"/>
  <testcase name="testCreateArchiveWithInvalidSourcePath" classname="ArchiverAPITest" time="0.002"/>
  <testcase name="testCreateArchiveWithInvalidPassword" classname="ArchiverAPITest" time="0.002"/>
  <testcase name="testCreateArchiveWithEmptySourcePath" classname="ArchiverAPITest" time="0.002"/>
  <testcase name="testExtractArchiveWithoutPassword" classname="ArchiverAPITest" time="0.008"/>
  <testcase name="testExtractArchiveWithMissingPassword" classname="ArchiverAPITest" time="0.028"/>
  <testcase name="testListArchiveContents" classname="ArchiverAPITest" time="0.008"/>
  <testcase name="testCreateArchiveWithLargeFile" classname="ArchiverAPITest" time="0.064"/>
  <testcase name="testExtractNonexistentArchive" classname="ArchiverAPITest" time="0.002"/>
  <testcase name="testListNonexistentArchive" classname="ArchiverAPITest" time="0.002"/>
</testsuite>