<?xml version="1.0" encoding="UTF-8"?>
<testsuite xmlns:xsi="http://www.w3.org/2001/XMLSchema-instance" xsi:noNamespaceSchemaLocation="https://maven.apache.org/surefire/maven-surefire-plugin/xsd/surefire-test-report-3.0.xsd" version="3.0" name="CipherKitTest" time="0.756" tests="31" errors="0" skipped="0" failures="0">
  <properties>
[...]
</properties>
  <testcase name="testEncryptionWithNullData" classname="CipherKitTest" time="0.186"/>
  <testcase name="testCipherKitCreationVariousPasswords(String)[1]" classname="CipherKitTest" time="0.076"/>
  <testcase name="testCipherKitCreationVariousPasswords(String)[2]" classname="CipherKitTest" time="0.075"/>
  <testcase name="testCipherKitCreationVariousPasswords(String)[3]" classname="CipherKitTest" time="0.027"/>
  <testcase name="testCipherKitCreationVariousPasswords(String)[4]" classname="CipherKitTest" time="0.018"/>
  <testcase name="testConsistentMultipleOperations" classname="CipherKitTest" time="0.02"/>
  <testcase name="testEncryptDecrypt" classname="CipherKitTest" time="0.017"/>
  <testcase name="testEncryptDecryptVariousDataSizes(String)[1]" classname="CipherKitTest" time="0.017"/>
  <testcase name="testEncryptDecryptVariousDataSizes(String)[2]" classname="CipherKitTest" time="0.016"/>
  <testcase name="testEncryptDecryptVariousDataSizes(String)[3]" classname="CipherKitTest" time="0.016"/>
  <testcase name="testEncryptDecryptVariousDataSizes(String)[4]" classname="CipherKitTest" time="0.018"/>
  <testcase name="testEncryptDecryptVariousDataSizes(String)[5]" classname="CipherKitTest" time="0.017"/>
  <testcase name="testNonceGenerationNegativeSize" classname="CipherKitTest" time="0.001"/>
  <testcase name="testCipherKitCreationNullNonce" classname="CipherKitTest" time="0.001"/>
  <testcase name="testEncryptDecryptLargeData" classname="CipherKitTest" time="0.036"/>
  <testcase name="testCipherKitCreationNullPassword" classname="CipherKitTest" time="0.001"/>
  <testcase name="testEncryptDecryptBinaryData" classname="CipherKitTest" time="0.017"/>
  <testcase name="testDecryptionWithCorruptedData" classname="CipherKitTest" time="0.018"/>
  <testcase name="testDifferentNoncesProduceDifferentCiphertext" classname="CipherKitTest" time="0.036"/>
  <testcase name="testCipherKitCreation" classname="CipherKitTest" time="0.015"/>
  <testcase name="testNonceGeneration" classname="CipherKitTest" time="0.0"/>
  <testcase name="testNonceGenerationVariousSizes(int)[1]" classname="CipherKitTest" time="0.001"/>
  <testcase name="testNonceGenerationVariousSizes(int)[2]" classname="CipherKitTest" time="0.0"/>
  <testcase name="testNonceGenerationVariousSizes(int)[3]" classname="CipherKitTest" time="0.001"/>
  <testcase name="testNonceGenerationVariousSizes(int)[4]" classname="CipherKitTest" time="0.0"/>
  <testcase name="testNonceGenerationVariousSizes(int)[5]" classname="CipherKitTest" time="0.001"/>
  <testcase name="testDecryptionWithWrongPassword" classname="CipherKitTest" time="0.031"/>
  <testcase name="testNonceGenerationZeroSize" classname="CipherKitTest" time="0.001"/>
  <testcase name="testDecryptionWithWrongNonce" classname="CipherKitTest" time="0.031"/>
  <testcase name="testEncryptionWithEmptyData" classname="CipherKitTest" time="0.016"/>
  <testcase name="testCipherKitCreationEmptyPassword" classname="CipherKitTest" time="0.015"/>
</testsuite>